<?xml version="1.0" encoding="UTF-8"?>
<coverage generated="1699811180708" clover="3.2.0">
  <project timestamp="1699811180708" name="All files">
    <metrics statements="25" coveredstatements="18" conditionals="10" coveredconditionals="6" methods="6" coveredmethods="3" elements="41" coveredelements="27" complexity="0" loc="25" ncloc="25" packages="3" files="4" classes="4"/>
    <package name="src.Components.DataViewer">
      <metrics statements="18" coveredstatements="14" conditionals="8" coveredconditionals="6" methods="5" coveredmethods="3"/>
      <file name="DataViewer.module.css" path="F:\rs-school-REACT\repo\rs-school-react\src\Components\DataViewer\DataViewer.module.css">
        <metrics statements="10" coveredstatements="7" conditionals="6" coveredconditionals="5" methods="2" coveredmethods="1"/>
        <line num="1" count="1" type="stmt"/>
        <line num="3" count="1" type="cond" truecount="3" falsecount="1"/>
        <line num="4" count="1" type="stmt"/>
        <line num="7" count="1" type="stmt"/>
        <line num="9" count="4" type="cond" truecount="2" falsecount="0"/>
        <line num="10" count="3" type="stmt"/>
        <line num="12" count="1" type="stmt"/>
        <line num="16" count="0" type="stmt"/>
        <line num="20" count="0" type="stmt"/>
        <line num="23" count="0" type="stmt"/>
      </file>
      <file name="DataViewer.tsx" path="F:\rs-school-REACT\repo\rs-school-react\src\Components\DataViewer\DataViewer.tsx">
        <metrics statements="8" coveredstatements="7" conditionals="2" coveredconditionals="1" methods="3" coveredmethods="2"/>
        <line num="7" count="1" type="stmt"/>
        <line num="8" count="1" type="stmt"/>
        <line num="9" count="1" type="stmt"/>
        <line num="10" count="1" type="stmt"/>
        <line num="11" count="0" type="stmt"/>
        <line num="13" count="1" type="stmt"/>
        <line num="17" count="2" type="stmt"/>
        <line num="18" count="2" type="stmt"/>
      </file>
    </package>
    <package name="src.contexts">
      <metrics statements="6" coveredstatements="3" conditionals="2" coveredconditionals="0" methods="1" coveredmethods="0"/>
      <file name="AppContextProvider.tsx" path="F:\rs-school-REACT\repo\rs-school-react\src\contexts\AppContextProvider.tsx">
        <metrics statements="6" coveredstatements="3" conditionals="2" coveredconditionals="0" methods="1" coveredmethods="0"/>
        <line num="13" count="1" type="stmt"/>
        <line num="17" count="1" type="stmt"/>
        <line num="19" count="1" type="stmt"/>
        <line num="20" count="0" type="stmt"/>
        <line num="21" count="0" type="cond" truecount="0" falsecount="2"/>
        <line num="22" count="0" type="stmt"/>
      </file>
    </package>
    <package name="tests.cardListTests">
      <metrics statements="1" coveredstatements="1" conditionals="0" coveredconditionals="0" methods="0" coveredmethods="0"/>
      <file name="cardList.ts" path="F:\rs-school-REACT\repo\rs-school-react\tests\cardListTests\cardList.ts">
        <metrics statements="1" coveredstatements="1" conditionals="0" coveredconditionals="0" methods="0" coveredmethods="0"/>
        <line num="3" count="1" type="stmt"/>
      </file>
    </package>
  </project>
</coverage>
