{
  "F:\\rs-school-REACT\\repo\\rs-school-react\\src\\Components\\DataViewer\\DataViewer.module.css": {
    "path": "F:\\rs-school-REACT\\repo\\rs-school-react\\src\\Components\\DataViewer\\DataViewer.module.css",
    "statementMap": {
      "0": { "start": { "line": 1, "column": 13 }, "end": { "line": 1, "column": 80 } },
      "1": { "start": { "line": 3, "column": 4 }, "end": { "line": 24, "column": 5 } },
      "2": { "start": { "line": 4, "column": 8 }, "end": { "line": 6, "column": 11 } },
      "3": { "start": { "line": 7, "column": 8 }, "end": { "line": 18, "column": 11 } },
      "4": { "start": { "line": 9, "column": 16 }, "end": { "line": 11, "column": 17 } },
      "5": { "start": { "line": 10, "column": 20 }, "end": { "line": 10, "column": 34 } },
      "6": { "start": { "line": 12, "column": 16 }, "end": { "line": 12, "column": 36 } },
      "7": { "start": { "line": 16, "column": 16 }, "end": { "line": 16, "column": 30 } },
      "8": { "start": { "line": 20, "column": 8 }, "end": { "line": 22, "column": 11 } },
      "9": { "start": { "line": 23, "column": 8 }, "end": { "line": 23, "column": 31 } }
    },
    "fnMap": {
      "0": {
        "name": "(anonymous_0)",
        "decl": { "start": { "line": 8, "column": 12 }, "end": { "line": 8, "column": 13 } },
        "loc": { "start": { "line": 8, "column": 30 }, "end": { "line": 13, "column": 13 } },
        "line": 8
      },
      "1": {
        "name": "(anonymous_1)",
        "decl": { "start": { "line": 15, "column": 12 }, "end": { "line": 15, "column": 13 } },
        "loc": { "start": { "line": 15, "column": 29 }, "end": { "line": 17, "column": 13 } },
        "line": 15
      }
    },
    "branchMap": {
      "0": {
        "loc": { "start": { "line": 3, "column": 4 }, "end": { "line": 24, "column": 5 } },
        "type": "if",
        "locations": [
          { "start": { "line": 3, "column": 4 }, "end": { "line": 24, "column": 5 } },
          { "start": { "line": 19, "column": 11 }, "end": { "line": 24, "column": 5 } }
        ],
        "line": 3
      },
      "1": {
        "loc": { "start": { "line": 3, "column": 8 }, "end": { "line": 3, "column": 44 } },
        "type": "binary-expr",
        "locations": [
          { "start": { "line": 3, "column": 8 }, "end": { "line": 3, "column": 34 } },
          { "start": { "line": 3, "column": 38 }, "end": { "line": 3, "column": 44 } }
        ],
        "line": 3
      },
      "2": {
        "loc": { "start": { "line": 9, "column": 16 }, "end": { "line": 11, "column": 17 } },
        "type": "if",
        "locations": [
          { "start": { "line": 9, "column": 16 }, "end": { "line": 11, "column": 17 } },
          { "start": {}, "end": {} }
        ],
        "line": 9
      }
    },
    "s": { "0": 1, "1": 1, "2": 1, "3": 1, "4": 4, "5": 3, "6": 1, "7": 0, "8": 0, "9": 0 },
    "f": { "0": 4, "1": 0 },
    "b": { "0": [1, 0], "1": [1, 1], "2": [3, 1] },
    "_coverageSchema": "1a1c01bbd47fc00a2c39e90264f33305004495a9",
    "hash": "1bb9b0b4c5f16472c0b69a6a7ece09fc9aa0e4a6"
  },
  "F:\\rs-school-REACT\\repo\\rs-school-react\\src\\Components\\DataViewer\\DataViewer.tsx": {
    "path": "F:\\rs-school-REACT\\repo\\rs-school-react\\src\\Components\\DataViewer\\DataViewer.tsx",
    "statementMap": {
      "0": { "start": { "line": 7, "column": 41 }, "end": { "line": 38, "column": 1 } },
      "1": { "start": { "line": 8, "column": 46 }, "end": { "line": 8, "column": 58 } },
      "2": { "start": { "line": 9, "column": 22 }, "end": { "line": 9, "column": 47 } },
      "3": { "start": { "line": 10, "column": 19 }, "end": { "line": 12, "column": 3 } },
      "4": { "start": { "line": 11, "column": 4 }, "end": { "line": 11, "column": 24 } },
      "5": { "start": { "line": 13, "column": 2 }, "end": { "line": 37, "column": 4 } },
      "6": { "start": { "line": 17, "column": 21 }, "end": { "line": 17, "column": 45 } },
      "7": { "start": { "line": 18, "column": 10 }, "end": { "line": 31, "column": 12 } }
    },
    "fnMap": {
      "0": {
        "name": "(anonymous_0)",
        "decl": { "start": { "line": 7, "column": 41 }, "end": { "line": 7, "column": 42 } },
        "loc": { "start": { "line": 7, "column": 52 }, "end": { "line": 38, "column": 1 } },
        "line": 7
      },
      "1": {
        "name": "(anonymous_1)",
        "decl": { "start": { "line": 10, "column": 19 }, "end": { "line": 10, "column": 20 } },
        "loc": { "start": { "line": 10, "column": 25 }, "end": { "line": 12, "column": 3 } },
        "line": 10
      },
      "2": {
        "name": "(anonymous_2)",
        "decl": { "start": { "line": 16, "column": 32 }, "end": { "line": 16, "column": 33 } },
        "loc": { "start": { "line": 16, "column": 47 }, "end": { "line": 32, "column": 9 } },
        "line": 16
      }
    },
    "branchMap": {
      "0": {
        "loc": { "start": { "line": 15, "column": 7 }, "end": { "line": 35, "column": 7 } },
        "type": "cond-expr",
        "locations": [
          { "start": { "line": 16, "column": 8 }, "end": { "line": 32, "column": 10 } },
          { "start": { "line": 34, "column": 8 }, "end": { "line": 34, "column": 57 } }
        ],
        "line": 15
      }
    },
    "s": { "0": 1, "1": 1, "2": 1, "3": 1, "4": 0, "5": 1, "6": 2, "7": 2 },
    "f": { "0": 1, "1": 0, "2": 2 },
    "b": { "0": [1, 0] },
    "_coverageSchema": "1a1c01bbd47fc00a2c39e90264f33305004495a9",
    "hash": "15e0b438bbbb87fbba543b7c46a17bb40cc337ee"
  },
  "F:\\rs-school-REACT\\repo\\rs-school-react\\src\\contexts\\AppContextProvider.tsx": {
    "path": "F:\\rs-school-REACT\\repo\\rs-school-react\\src\\contexts\\AppContextProvider.tsx",
    "statementMap": {
      "0": { "start": { "line": 13, "column": 33 }, "end": { "line": 15, "column": 1 } },
      "1": { "start": { "line": 17, "column": 29 }, "end": { "line": 17, "column": 74 } },
      "2": { "start": { "line": 19, "column": 32 }, "end": { "line": 26, "column": 1 } },
      "3": { "start": { "line": 20, "column": 18 }, "end": { "line": 20, "column": 43 } },
      "4": { "start": { "line": 21, "column": 2 }, "end": { "line": 25, "column": 3 } },
      "5": { "start": { "line": 22, "column": 4 }, "end": { "line": 24, "column": 6 } }
    },
    "fnMap": {
      "0": {
        "name": "(anonymous_0)",
        "decl": { "start": { "line": 19, "column": 32 }, "end": { "line": 19, "column": 33 } },
        "loc": { "start": { "line": 19, "column": 38 }, "end": { "line": 26, "column": 1 } },
        "line": 19
      }
    },
    "branchMap": {
      "0": {
        "loc": { "start": { "line": 21, "column": 2 }, "end": { "line": 25, "column": 3 } },
        "type": "if",
        "locations": [
          { "start": { "line": 21, "column": 2 }, "end": { "line": 25, "column": 3 } },
          { "start": {}, "end": {} }
        ],
        "line": 21
      }
    },
    "s": { "0": 1, "1": 1, "2": 1, "3": 0, "4": 0, "5": 0 },
    "f": { "0": 0 },
    "b": { "0": [0, 0] },
    "_coverageSchema": "1a1c01bbd47fc00a2c39e90264f33305004495a9",
    "hash": "65e0a70fbfd7c2d94c1a814bd75616d645d53f34"
  },
  "F:\\rs-school-REACT\\repo\\rs-school-react\\tests\\cardListTests\\cardList.ts": {
    "path": "F:\\rs-school-REACT\\repo\\rs-school-react\\tests\\cardListTests\\cardList.ts",
    "statementMap": {
      "0": { "start": { "line": 3, "column": 34 }, "end": { "line": 58, "column": 1 } }
    },
    "fnMap": {},
    "branchMap": {},
    "s": { "0": 1 },
    "f": {},
    "b": {},
    "_coverageSchema": "1a1c01bbd47fc00a2c39e90264f33305004495a9",
    "hash": "d921de690df6e85b3b61ab3c096c04566fd9f9df"
  }
}
